app/build/intermediates/manifest_merge_blame_file/debug/manifest-merger-blame-debug-report.txt
1<?xml version="1.0" encoding="utf-8"?>
2<manifest xmlns:android="http://schemas.android.com/apk/res/android"
3    package="com.vriend.app"
4    android:versionCode="1"
5    android:versionName="1.0" >
6
7    <uses-sdk
8        android:minSdkVersion="21"
8-->src\main\AndroidManifest.xml
9        android:targetSdkVersion="33" />
9-->src\main\AndroidManifest.xml
10
11    <uses-permission android:name="android.permission.INTERNET" />
11-->[com.google.firebase:firebase-auth:21.1.0] AndroidManifest.xml:23:5-67
11-->[com.google.firebase:firebase-auth:21.1.0] AndroidManifest.xml:23:22-64
12    <uses-permission android:name="android.permission.ACCESS_NETWORK_STATE" />
12-->[com.google.firebase:firebase-auth:21.1.0] AndroidManifest.xml:24:5-79
12-->[com.google.firebase:firebase-auth:21.1.0] AndroidManifest.xml:24:22-76
13
14    <uses-feature
14-->[com.google.android.gms:play-services-maps:18.1.0] AndroidManifest.xml:26:5-28:35
15        android:glEsVersion="0x00020000"
15-->[com.google.android.gms:play-services-maps:18.1.0] AndroidManifest.xml:27:9-41
16        android:required="true" />
16-->[com.google.android.gms:play-services-maps:18.1.0] AndroidManifest.xml:28:9-32
17
18    <queries>
18-->[com.google.android.gms:play-services-maps:18.1.0] AndroidManifest.xml:30:5-34:15
19
20        <!-- Needs to be explicitly declared on Android R+ -->
21        <package android:name="com.google.android.apps.maps" />
21-->[com.google.android.gms:play-services-maps:18.1.0] AndroidManifest.xml:33:9-64
21-->[com.google.android.gms:play-services-maps:18.1.0] AndroidManifest.xml:33:18-61
22    </queries>
23
24    <permission
24-->[androidx.core:core:1.9.0] AndroidManifest.xml:22:5-24:47
25        android:name="com.vriend.app.DYNAMIC_RECEIVER_NOT_EXPORTED_PERMISSION"
25-->[androidx.core:core:1.9.0] AndroidManifest.xml:23:9-81
26        android:protectionLevel="signature" />
26-->[androidx.core:core:1.9.0] AndroidManifest.xml:24:9-44
27
28    <uses-permission android:name="com.vriend.app.DYNAMIC_RECEIVER_NOT_EXPORTED_PERMISSION" />
28-->[androidx.core:core:1.9.0] AndroidManifest.xml:26:5-97
28-->[androidx.core:core:1.9.0] AndroidManifest.xml:26:22-94
29
30    <application
30-->src\main\AndroidManifest.xml:5:5-50:19
31        android:allowBackup="true"
31-->src\main\AndroidManifest.xml:6:9-35
32        android:appComponentFactory="androidx.core.app.CoreComponentFactory"
32-->[androidx.core:core:1.9.0] AndroidManifest.xml:28:18-86
33        android:debuggable="true"
34        android:icon="@mipmap/ic_launcher"
34-->src\main\AndroidManifest.xml:7:9-43
35        android:label="@string/app_name"
35-->src\main\AndroidManifest.xml:8:9-41
36        android:roundIcon="@mipmap/ic_launcher_round"
36-->src\main\AndroidManifest.xml:9:9-54
37        android:supportsRtl="true"
37-->src\main\AndroidManifest.xml:10:9-35
38        android:testOnly="true"
39        android:theme="@style/Theme.MaterialComponents.Light.NoActionBar" >
39-->src\main\AndroidManifest.xml:11:9-74
40        <activity
40-->src\main\AndroidManifest.xml:12:9-14:40
41            android:name="com.vriend.app.Preferencelist"
41-->src\main\AndroidManifest.xml:13:13-43
42            android:exported="false" />
42-->src\main\AndroidManifest.xml:14:13-37
43        <!--
44             To get one, follow the directions here:
45
46                https://developers.google.com/maps/documentation/android-sdk/get-api-key
47
48             Once you have your API key (it starts with "AIza"), define a new property in your
49             project's local.properties file (e.g. MAPS_API_KEY=Aiza...), and replace the
50             "YOUR_API_KEY" string in this file with "${MAPS_API_KEY}".
51        -->
52        <meta-data
52-->src\main\AndroidManifest.xml:24:9-26:71
53            android:name="com.google.android.geo.API_KEY"
53-->src\main\AndroidManifest.xml:25:13-58
54            android:value="AIzaSyAL_kQkbiEVIPO6Ao4s2v_82Nw_J9qGKs0" />
54-->src\main\AndroidManifest.xml:26:13-68
55
56        <activity
56-->src\main\AndroidManifest.xml:28:9-31:59
57            android:name="com.vriend.app.MapsActivity"
57-->src\main\AndroidManifest.xml:29:13-41
58            android:exported="false"
58-->src\main\AndroidManifest.xml:30:13-37
59            android:label="@string/title_activity_maps" />
59-->src\main\AndroidManifest.xml:31:13-56
60        <activity
60-->src\main\AndroidManifest.xml:32:9-34:40
61            android:name="com.vriend.app.ProfileActivity"
61-->src\main\AndroidManifest.xml:33:13-44
62            android:exported="false" />
62-->src\main\AndroidManifest.xml:34:13-37
63        <activity
63-->src\main\AndroidManifest.xml:35:9-37:40
64            android:name="com.vriend.app.SignUpActivity"
64-->src\main\AndroidManifest.xml:36:13-43
65            android:exported="false" />
65-->src\main\AndroidManifest.xml:37:13-37
66        <activity
66-->src\main\AndroidManifest.xml:38:9-40:40
67            android:name="com.vriend.app.HomeActivity"
67-->src\main\AndroidManifest.xml:39:13-41
68            android:exported="false" />
68-->src\main\AndroidManifest.xml:40:13-37
69        <activity
69-->src\main\AndroidManifest.xml:41:9-49:20
70            android:name="com.vriend.app.LoginActivity"
70-->src\main\AndroidManifest.xml:42:13-42
71            android:exported="true" >
71-->src\main\AndroidManifest.xml:43:13-36
72            <intent-filter>
72-->src\main\AndroidManifest.xml:44:13-48:29
73                <action android:name="android.intent.action.MAIN" />
73-->src\main\AndroidManifest.xml:45:17-69
73-->src\main\AndroidManifest.xml:45:25-66
74
75                <category android:name="android.intent.category.LAUNCHER" />
75-->src\main\AndroidManifest.xml:47:17-77
75-->src\main\AndroidManifest.xml:47:27-74
76            </intent-filter>
77        </activity>
78        <activity
78-->[com.google.firebase:firebase-auth:21.1.0] AndroidManifest.xml:27:9-44:20
79            android:name="com.google.firebase.auth.internal.GenericIdpActivity"
79-->[com.google.firebase:firebase-auth:21.1.0] AndroidManifest.xml:28:13-80
80            android:excludeFromRecents="true"
80-->[com.google.firebase:firebase-auth:21.1.0] AndroidManifest.xml:29:13-46
81            android:exported="true"
81-->[com.google.firebase:firebase-auth:21.1.0] AndroidManifest.xml:30:13-36
82            android:launchMode="singleTask"
82-->[com.google.firebase:firebase-auth:21.1.0] AndroidManifest.xml:31:13-44
83            android:theme="@android:style/Theme.Translucent.NoTitleBar" >
83-->[com.google.firebase:firebase-auth:21.1.0] AndroidManifest.xml:32:13-72
84            <intent-filter>
84-->[com.google.firebase:firebase-auth:21.1.0] AndroidManifest.xml:33:13-43:29
85                <action android:name="android.intent.action.VIEW" />
85-->[com.google.firebase:firebase-auth:21.1.0] AndroidManifest.xml:34:17-69
85-->[com.google.firebase:firebase-auth:21.1.0] AndroidManifest.xml:34:25-66
86
87                <category android:name="android.intent.category.DEFAULT" />
87-->[com.google.firebase:firebase-auth:21.1.0] AndroidManifest.xml:36:17-76
87-->[com.google.firebase:firebase-auth:21.1.0] AndroidManifest.xml:36:27-73
88                <category android:name="android.intent.category.BROWSABLE" />
88-->[com.google.firebase:firebase-auth:21.1.0] AndroidManifest.xml:37:17-78
88-->[com.google.firebase:firebase-auth:21.1.0] AndroidManifest.xml:37:27-75
89
90                <data
90-->[com.google.firebase:firebase-auth:21.1.0] AndroidManifest.xml:39:17-42:51
91                    android:host="firebase.auth"
91-->[com.google.firebase:firebase-auth:21.1.0] AndroidManifest.xml:40:21-49
92                    android:path="/"
92-->[com.google.firebase:firebase-auth:21.1.0] AndroidManifest.xml:41:21-37
93                    android:scheme="genericidp" />
93-->[com.google.firebase:firebase-auth:21.1.0] AndroidManifest.xml:42:21-48
94            </intent-filter>
95        </activity>
96        <activity
96-->[com.google.firebase:firebase-auth:21.1.0] AndroidManifest.xml:45:9-62:20
97            android:name="com.google.firebase.auth.internal.RecaptchaActivity"
97-->[com.google.firebase:firebase-auth:21.1.0] AndroidManifest.xml:46:13-79
98            android:excludeFromRecents="true"
98-->[com.google.firebase:firebase-auth:21.1.0] AndroidManifest.xml:47:13-46
99            android:exported="true"
99-->[com.google.firebase:firebase-auth:21.1.0] AndroidManifest.xml:48:13-36
100            android:launchMode="singleTask"
100-->[com.google.firebase:firebase-auth:21.1.0] AndroidManifest.xml:49:13-44
101            android:theme="@android:style/Theme.Translucent.NoTitleBar" >
101-->[com.google.firebase:firebase-auth:21.1.0] AndroidManifest.xml:50:13-72
102            <intent-filter>
102-->[com.google.firebase:firebase-auth:21.1.0] AndroidManifest.xml:51:13-61:29
103                <action android:name="android.intent.action.VIEW" />
103-->[com.google.firebase:firebase-auth:21.1.0] AndroidManifest.xml:34:17-69
103-->[com.google.firebase:firebase-auth:21.1.0] AndroidManifest.xml:34:25-66
104
105                <category android:name="android.intent.category.DEFAULT" />
105-->[com.google.firebase:firebase-auth:21.1.0] AndroidManifest.xml:36:17-76
105-->[com.google.firebase:firebase-auth:21.1.0] AndroidManifest.xml:36:27-73
106                <category android:name="android.intent.category.BROWSABLE" />
106-->[com.google.firebase:firebase-auth:21.1.0] AndroidManifest.xml:37:17-78
106-->[com.google.firebase:firebase-auth:21.1.0] AndroidManifest.xml:37:27-75
107
108                <data
108-->[com.google.firebase:firebase-auth:21.1.0] AndroidManifest.xml:39:17-42:51
109                    android:host="firebase.auth"
109-->[com.google.firebase:firebase-auth:21.1.0] AndroidManifest.xml:40:21-49
110                    android:path="/"
110-->[com.google.firebase:firebase-auth:21.1.0] AndroidManifest.xml:41:21-37
111                    android:scheme="recaptcha" />
111-->[com.google.firebase:firebase-auth:21.1.0] AndroidManifest.xml:42:21-48
112            </intent-filter>
113        </activity>
114
115        <service
115-->[com.google.firebase:firebase-auth:21.1.0] AndroidManifest.xml:64:9-70:19
116            android:name="com.google.firebase.components.ComponentDiscoveryService"
116-->[com.google.firebase:firebase-auth:21.1.0] AndroidManifest.xml:65:13-84
117            android:directBootAware="true"
117-->[com.google.firebase:firebase-common:20.3.0] AndroidManifest.xml:34:13-43
118            android:exported="false" >
118-->[com.google.firebase:firebase-auth:21.1.0] AndroidManifest.xml:66:13-37
119            <meta-data
119-->[com.google.firebase:firebase-auth:21.1.0] AndroidManifest.xml:67:13-69:85
120                android:name="com.google.firebase.components:com.google.firebase.auth.FirebaseAuthRegistrar"
120-->[com.google.firebase:firebase-auth:21.1.0] AndroidManifest.xml:68:17-109
121                android:value="com.google.firebase.components.ComponentRegistrar" />
121-->[com.google.firebase:firebase-auth:21.1.0] AndroidManifest.xml:69:17-82
122        </service> <!-- Needs to be explicitly declared on P+ -->
123        <uses-library
123-->[com.google.android.gms:play-services-maps:18.1.0] AndroidManifest.xml:39:9-41:40
124            android:name="org.apache.http.legacy"
124-->[com.google.android.gms:play-services-maps:18.1.0] AndroidManifest.xml:40:13-50
125            android:required="false" />
125-->[com.google.android.gms:play-services-maps:18.1.0] AndroidManifest.xml:41:13-37
126
127        <provider
127-->[com.google.firebase:firebase-common:20.3.0] AndroidManifest.xml:25:9-30:39
128            android:name="com.google.firebase.provider.FirebaseInitProvider"
128-->[com.google.firebase:firebase-common:20.3.0] AndroidManifest.xml:26:13-77
129            android:authorities="com.vriend.app.firebaseinitprovider"
129-->[com.google.firebase:firebase-common:20.3.0] AndroidManifest.xml:27:13-72
130            android:directBootAware="true"
130-->[com.google.firebase:firebase-common:20.3.0] AndroidManifest.xml:28:13-43
131            android:exported="false"
131-->[com.google.firebase:firebase-common:20.3.0] AndroidManifest.xml:29:13-37
132            android:initOrder="100" />
132-->[com.google.firebase:firebase-common:20.3.0] AndroidManifest.xml:30:13-36
133
134        <activity
134-->[com.google.android.gms:play-services-base:18.0.1] AndroidManifest.xml:20:9-22:45
135            android:name="com.google.android.gms.common.api.GoogleApiActivity"
135-->[com.google.android.gms:play-services-base:18.0.1] AndroidManifest.xml:20:19-85
136            android:exported="false"
136-->[com.google.android.gms:play-services-base:18.0.1] AndroidManifest.xml:22:19-43
137            android:theme="@android:style/Theme.Translucent.NoTitleBar" />
137-->[com.google.android.gms:play-services-base:18.0.1] AndroidManifest.xml:21:19-78
138
139        <meta-data
139-->[com.google.android.gms:play-services-basement:18.1.0] AndroidManifest.xml:21:9-23:69
140            android:name="com.google.android.gms.version"
140-->[com.google.android.gms:play-services-basement:18.1.0] AndroidManifest.xml:22:13-58
141            android:value="@integer/google_play_services_version" />
141-->[com.google.android.gms:play-services-basement:18.1.0] AndroidManifest.xml:23:13-66
142
143        <provider
143-->[androidx.emoji2:emoji2:1.2.0] AndroidManifest.xml:24:9-32:20
144            android:name="androidx.startup.InitializationProvider"
144-->[androidx.emoji2:emoji2:1.2.0] AndroidManifest.xml:25:13-67
145            android:authorities="com.vriend.app.androidx-startup"
145-->[androidx.emoji2:emoji2:1.2.0] AndroidManifest.xml:26:13-68
146            android:exported="false" >
146-->[androidx.emoji2:emoji2:1.2.0] AndroidManifest.xml:27:13-37
147            <meta-data
147-->[androidx.emoji2:emoji2:1.2.0] AndroidManifest.xml:29:13-31:52
148                android:name="androidx.emoji2.text.EmojiCompatInitializer"
148-->[androidx.emoji2:emoji2:1.2.0] AndroidManifest.xml:30:17-75
149                android:value="androidx.startup" />
149-->[androidx.emoji2:emoji2:1.2.0] AndroidManifest.xml:31:17-49
150            <meta-data
150-->[androidx.lifecycle:lifecycle-process:2.4.1] AndroidManifest.xml:31:13-33:52
151                android:name="androidx.lifecycle.ProcessLifecycleInitializer"
151-->[androidx.lifecycle:lifecycle-process:2.4.1] AndroidManifest.xml:32:17-78
152                android:value="androidx.startup" />
152-->[androidx.lifecycle:lifecycle-process:2.4.1] AndroidManifest.xml:33:17-49
153        </provider>
154    </application>
155
156</manifest>